<?xml version="1.0" encoding="UTF-8"?>
<!-- Generated by org.testng.reporters.JUnitXMLReporter -->
<testsuite ignored="0" hostname="DESKTOP-NIKNT8S" failures="0" tests="3" name="Guru99_Positive" time="12.181" errors="0" timestamp="2024-11-03T18:53:05 PST">
  <testcase classname="SeleniumNewTest" name="TestMathFunctions" time="0.008"/>
  <testcase classname="SeleniumNewTest" name="TestMathFunctions2" time="0.001"/>
  <testcase classname="SeleniumNewTest" name="TestSelenium" time="12.127"/>
</testsuite> <!-- Guru99_Positive -->
