<?xml version="1.0" encoding="UTF-8"?>
<testng-results ignored="0" total="6" passed="6" failed="0" skipped="0">
  <reporter-output>
  </reporter-output>
  <suite started-at="2024-11-03T18:52:53 PST" name="suite1" finished-at="2024-11-03T18:53:17 PST" duration-ms="23945">
    <groups>
    </groups>
    <test started-at="2024-11-03T18:52:53 PST" name="Guru99_Positive" finished-at="2024-11-03T18:53:05 PST" duration-ms="12181">
      <class name="SeleniumNewTest">
        <test-method signature="TestMathFunctions()[pri:0, instance:SeleniumNewTest@1a451d4d]" started-at="2024-11-03T18:52:53 PST" name="TestMathFunctions" finished-at="2024-11-03T18:52:53 PST" duration-ms="8" status="PASS">
          <reporter-output>
          </reporter-output>
        </test-method> <!-- TestMathFunctions -->
        <test-method signature="TestMathFunctions2()[pri:0, instance:SeleniumNewTest@1a451d4d]" started-at="2024-11-03T18:52:53 PST" name="TestMathFunctions2" finished-at="2024-11-03T18:52:53 PST" duration-ms="1" status="PASS">
          <reporter-output>
          </reporter-output>
        </test-method> <!-- TestMathFunctions2 -->
        <test-method signature="TestSelenium(java.lang.String,java.lang.String,java.lang.String,java.lang.String,java.lang.String)[pri:0, instance:SeleniumNewTest@1a451d4d]" started-at="2024-11-03T18:52:53 PST" name="TestSelenium" finished-at="2024-11-03T18:53:05 PST" duration-ms="12127" status="PASS">
          <params>
            <param index="0">
              <value>
                <![CDATA[Alexander]]>
              </value>
            </param>
            <param index="1">
              <value>
                <![CDATA[Sukhoi]]>
              </value>
            </param>
            <param index="2">
              <value>
                <![CDATA[abc@gmail.com]]>
              </value>
            </param>
            <param index="3">
              <value>
                <![CDATA[3233218914]]>
              </value>
            </param>
            <param index="4">
              <value>
                <![CDATA[561 Lmn Ave]]>
              </value>
            </param>
          </params>
          <reporter-output>
          </reporter-output>
        </test-method> <!-- TestSelenium -->
      </class> <!-- SeleniumNewTest -->
    </test> <!-- Guru99_Positive -->
    <test started-at="2024-11-03T18:53:05 PST" name="Guru99_Positive1" finished-at="2024-11-03T18:53:17 PST" duration-ms="11724">
      <class name="SeleniumNewTest">
        <test-method signature="TestMathFunctions()[pri:0, instance:SeleniumNewTest@3349e9bb]" started-at="2024-11-03T18:53:05 PST" name="TestMathFunctions" finished-at="2024-11-03T18:53:05 PST" duration-ms="0" status="PASS">
          <reporter-output>
          </reporter-output>
        </test-method> <!-- TestMathFunctions -->
        <test-method signature="TestMathFunctions2()[pri:0, instance:SeleniumNewTest@3349e9bb]" started-at="2024-11-03T18:53:05 PST" name="TestMathFunctions2" finished-at="2024-11-03T18:53:05 PST" duration-ms="1" status="PASS">
          <reporter-output>
          </reporter-output>
        </test-method> <!-- TestMathFunctions2 -->
        <test-method signature="TestSelenium(java.lang.String,java.lang.String,java.lang.String,java.lang.String,java.lang.String)[pri:0, instance:SeleniumNewTest@3349e9bb]" started-at="2024-11-03T18:53:05 PST" name="TestSelenium" finished-at="2024-11-03T18:53:17 PST" duration-ms="11713" status="PASS">
          <params>
            <param index="0">
              <value>
                <![CDATA[dhfksjdf]]>
              </value>
            </param>
            <param index="1">
              <value>
                <![CDATA[Susdfsdfkhoi]]>
              </value>
            </param>
            <param index="2">
              <value>
                <![CDATA[xxxx@gmail.com]]>
              </value>
            </param>
            <param index="3">
              <value>
                <![CDATA[3233218914]]>
              </value>
            </param>
            <param index="4">
              <value>
                <![CDATA[asead1 Lmn Ave]]>
              </value>
            </param>
          </params>
          <reporter-output>
          </reporter-output>
        </test-method> <!-- TestSelenium -->
      </class> <!-- SeleniumNewTest -->
    </test> <!-- Guru99_Positive1 -->
  </suite> <!-- suite1 -->
</testng-results>
